<?xml version="1.0" encoding="UTF-8"?>
<testng-results skipped="0" failed="0" ignored="0" total="1" passed="1">
  <reporter-output>
  </reporter-output>
  <suite name="com.crm.testcases.LoginPageTest" duration-ms="40852" started-at="2018-03-26T13:30:50Z" finished-at="2018-03-26T13:31:31Z">
    <groups>
    </groups>
    <test name="Command line test" duration-ms="40852" started-at="2018-03-26T13:30:50Z" finished-at="2018-03-26T13:31:31Z">
      <class name="com.crm.testcases.LoginPageTest">
        <test-method status="PASS" signature="Setup()[pri:0, instance:com.crm.testcases.LoginPageTest@79698539]" name="Setup" is-config="true" duration-ms="17159" started-at="2018-03-26T13:30:50Z" finished-at="2018-03-26T13:31:08Z">
          <reporter-output>
          </reporter-output>
        </test-method> <!-- Setup -->
        <test-method status="PASS" signature="LoginCrmTest()[pri:0, instance:com.crm.testcases.LoginPageTest@79698539]" name="LoginCrmTest" duration-ms="22878" started-at="2018-03-26T13:31:08Z" finished-at="2018-03-26T13:31:30Z">
          <reporter-output>
          </reporter-output>
        </test-method> <!-- LoginCrmTest -->
        <test-method status="PASS" signature="CloseBrowser()[pri:0, instance:com.crm.testcases.LoginPageTest@79698539]" name="CloseBrowser" is-config="true" duration-ms="778" started-at="2018-03-26T13:31:30Z" finished-at="2018-03-26T13:31:31Z">
          <reporter-output>
          </reporter-output>
        </test-method> <!-- CloseBrowser -->
      </class> <!-- com.crm.testcases.LoginPageTest -->
    </test> <!-- Command line test -->
  </suite> <!-- com.crm.testcases.LoginPageTest -->
</testng-results>
