<?xml version="1.0" encoding="UTF-8"?>
<testng-results skipped="0" failed="0" ignored="0" total="1" passed="1">
  <reporter-output>
  </reporter-output>
  <suite name="Default suite" duration-ms="29238" started-at="2018-03-24T05:26:27Z" finished-at="2018-03-24T05:26:56Z">
    <groups>
    </groups>
    <test name="Default test" duration-ms="29238" started-at="2018-03-24T05:26:27Z" finished-at="2018-03-24T05:26:56Z">
      <class name="com.crm.testcases.LoginPageTest">
        <test-method status="PASS" signature="Setup()[pri:0, instance:com.crm.testcases.LoginPageTest@ae45eb6]" name="Setup" is-config="true" duration-ms="10675" started-at="2018-03-24T05:26:27Z" finished-at="2018-03-24T05:26:38Z">
          <reporter-output>
          </reporter-output>
        </test-method> <!-- Setup -->
        <test-method status="PASS" signature="LoginCrmTest()[pri:0, instance:com.crm.testcases.LoginPageTest@ae45eb6]" name="LoginCrmTest" duration-ms="17626" started-at="2018-03-24T05:26:38Z" finished-at="2018-03-24T05:26:56Z">
          <reporter-output>
          </reporter-output>
        </test-method> <!-- LoginCrmTest -->
        <test-method status="PASS" signature="CloseBrowser()[pri:0, instance:com.crm.testcases.LoginPageTest@ae45eb6]" name="CloseBrowser" is-config="true" duration-ms="878" started-at="2018-03-24T05:26:56Z" finished-at="2018-03-24T05:26:56Z">
          <reporter-output>
          </reporter-output>
        </test-method> <!-- CloseBrowser -->
      </class> <!-- com.crm.testcases.LoginPageTest -->
    </test> <!-- Default test -->
  </suite> <!-- Default suite -->
</testng-results>
